2014-05-11 03:38:11 -0400 INFO: jruby 1.7.11 (1.9.3p392) 2014-03-17 86339bb on OpenJDK Client VM 1.7.0_51-b00 [linux-i386]
2014-05-11 03:38:11 -0400 INFO: using 1:5 runtime pool with acquire timeout of 5.0 seconds
2014-05-11 03:38:40 -0400 INFO: added application to pool, size now = 1
2014-05-11 03:56:00 -0400 INFO: jruby 1.7.11 (1.9.3p392) 2014-03-17 86339bb on OpenJDK Client VM 1.7.0_51-b00 [linux-i386]
2014-05-11 03:56:00 -0400 INFO: using 1:5 runtime pool with acquire timeout of 5.0 seconds
2014-05-11 03:56:30 -0400 INFO: added application to pool, size now = 1
2014-05-11 12:46:08 -0400 INFO: jruby 1.7.11 (1.9.3p392) 2014-03-17 86339bb on OpenJDK Client VM 1.7.0_51-b00 [linux-i386]
2014-05-11 12:46:08 -0400 INFO: using 1:5 runtime pool with acquire timeout of 5.0 seconds
2014-05-11 12:46:30 -0400 INFO: added application to pool, size now = 1
2014-05-11 12:49:21 -0400 INFO: jruby 1.7.11 (1.9.3p392) 2014-03-17 86339bb on OpenJDK Client VM 1.7.0_51-b00 [linux-i386]
2014-05-11 12:49:21 -0400 INFO: using 1:5 runtime pool with acquire timeout of 5.0 seconds
2014-05-11 12:49:42 -0400 INFO: added application to pool, size now = 1
2014-05-11 12:52:01 -0400 INFO: jruby 1.7.11 (1.9.3p392) 2014-03-17 86339bb on OpenJDK Client VM 1.7.0_51-b00 [linux-i386]
2014-05-11 12:52:01 -0400 INFO: using 1:5 runtime pool with acquire timeout of 5.0 seconds
2014-05-11 12:52:21 -0400 INFO: added application to pool, size now = 1
2014-05-11 12:55:50 -0400 INFO: jruby 1.7.11 (1.9.3p392) 2014-03-17 86339bb on OpenJDK Client VM 1.7.0_51-b00 [linux-i386]
2014-05-11 12:55:50 -0400 INFO: using 1:5 runtime pool with acquire timeout of 5.0 seconds
2014-05-11 12:56:11 -0400 INFO: added application to pool, size now = 1
2014-05-11 12:59:56 -0400 INFO: jruby 1.7.11 (1.9.3p392) 2014-03-17 86339bb on OpenJDK Client VM 1.7.0_51-b00 [linux-i386]
2014-05-11 12:59:56 -0400 INFO: using 1:5 runtime pool with acquire timeout of 5.0 seconds
2014-05-11 13:00:15 -0400 INFO: added application to pool, size now = 1
2014-05-11 13:10:16 -0400 INFO: jruby 1.7.11 (1.9.3p392) 2014-03-17 86339bb on OpenJDK Client VM 1.7.0_51-b00 [linux-i386]
2014-05-11 13:10:16 -0400 INFO: using 1:5 runtime pool with acquire timeout of 5.0 seconds
2014-05-11 13:10:36 -0400 INFO: added application to pool, size now = 1
2014-05-11 13:20:17 -0400 INFO: jruby 1.7.11 (1.9.3p392) 2014-03-17 86339bb on OpenJDK Client VM 1.7.0_51-b00 [linux-i386]
2014-05-11 13:20:17 -0400 INFO: using 1:5 runtime pool with acquire timeout of 5.0 seconds
2014-05-11 13:20:38 -0400 INFO: added application to pool, size now = 1
2014-05-11 13:22:06 -0400 INFO: jruby 1.7.11 (1.9.3p392) 2014-03-17 86339bb on OpenJDK Client VM 1.7.0_51-b00 [linux-i386]
2014-05-11 13:22:06 -0400 INFO: using 1:5 runtime pool with acquire timeout of 5.0 seconds
2014-05-11 13:22:25 -0400 INFO: added application to pool, size now = 1
2014-05-11 13:25:59 -0400 INFO: jruby 1.7.11 (1.9.3p392) 2014-03-17 86339bb on OpenJDK Client VM 1.7.0_51-b00 [linux-i386]
2014-05-11 13:25:59 -0400 INFO: using 1:5 runtime pool with acquire timeout of 5.0 seconds
2014-05-11 13:26:22 -0400 INFO: added application to pool, size now = 1
2014-05-11 13:29:19 -0400 INFO: jruby 1.7.11 (1.9.3p392) 2014-03-17 86339bb on OpenJDK Client VM 1.7.0_51-b00 [linux-i386]
2014-05-11 13:29:19 -0400 INFO: using 1:5 runtime pool with acquire timeout of 5.0 seconds
2014-05-11 13:29:37 -0400 INFO: added application to pool, size now = 1
2014-05-11 13:48:08 -0400 INFO: jruby 1.7.11 (1.9.3p392) 2014-03-17 86339bb on OpenJDK Client VM 1.7.0_51-b00 [linux-i386]
2014-05-11 13:48:08 -0400 INFO: using 1:5 runtime pool with acquire timeout of 5.0 seconds
2014-05-11 13:48:29 -0400 INFO: added application to pool, size now = 1
2014-05-11 13:50:08 -0400 INFO: jruby 1.7.11 (1.9.3p392) 2014-03-17 86339bb on OpenJDK Client VM 1.7.0_51-b00 [linux-i386]
2014-05-11 13:50:08 -0400 INFO: using 1:5 runtime pool with acquire timeout of 5.0 seconds
2014-05-11 13:50:26 -0400 INFO: An exception happened during JRuby-Rack startup
/home/user/Hanlon/Hanlon/web/app.rb:64: atch
unknown regexp options - atch
--- System
jruby 1.7.11 (1.9.3p392) 2014-03-17 86339bb on OpenJDK Client VM 1.7.0_51-b00 [linux-i386]
Time: 2014-05-11 13:50:26 -0400
Server: Apache Tomcat/7.0.47
jruby.home: /home/user/.rvm/rubies/jruby-1.7.11

--- Context Init Parameters:
app.root = /home/user/Hanlon/Hanlon/web
jruby.compat.version = 1.9.3
jruby.initial.runtimes = 1
jruby.max.runtimes = 5
jruby.min.runtimes = 1
jruby.rack.error = false
jruby.rack.layout_class = JRuby::Rack::FileSystemLayout
jruby.rack.logging = JUL
jruby.rack.logging.name = org.apache.catalina.core.ContainerBase.[Tomcat].[192.168.109.5].[default]
jruby.runtime.acquire.timeout = 5.0
public.root = public
rack.env = development
rackup.path = config.ru

--- Backtrace
SyntaxError: /home/user/Hanlon/Hanlon/web/app.rb:64: atch
unknown regexp options - atch
        require at org/jruby/RubyKernel.java:1085
        require at /home/user/.rvm/rubies/jruby-1.7.11/lib/ruby/shared/rubygems/core_ext/kernel_require.rb:126
        require at /home/user/.rvm/rubies/jruby-1.7.11/lib/ruby/shared/rubygems/core_ext/kernel_require.rb:124
         (root) at /home/user/Hanlon/Hanlon/web/application.rb:1
        require at org/jruby/RubyKernel.java:1085
         (root) at /home/user/Hanlon/Hanlon/web/application.rb:61
         (root) at /home/user/.rvm/rubies/jruby-1.7.11/lib/ruby/shared/rubygems/core_ext/kernel_require.rb:1
  instance_eval at org/jruby/RubyBasicObject.java:1536
        require at /home/user/.rvm/rubies/jruby-1.7.11/lib/ruby/shared/rubygems/core_ext/kernel_require.rb:55
         (root) at /home/user/Hanlon/Hanlon/web/config.ru:1

--- RubyGems
Gem.dir: /home/user/.rvm/gems/jruby-1.7.11
Gem.path:
/home/user/.rvm/gems/jruby-1.7.11
/home/user/.rvm/gems/jruby-1.7.11@global
Activated gems:
  rack-1.5.2
  rack-mount-0.8.3
  rack-accept-0.4.5
  multi_xml-0.5.5
  hashie-2.0.5
  descendants_tracker-0.0.3
  equalizer-0.0.9
  coercible-1.0.0
  ice_nine-0.11.0
  thread_safe-0.1.3-java
  axiom-types-0.1.0
  virtus-1.0.2
  grape-0.6.1
  i18n-0.6.9
  tzinfo-1.1.0
  minitest-5.3.2
  activesupport-4.1.0
  multi_json-1.9.2
  systemu-2.6.4
  macaddr-1.6.7
  uuid-2.3.7
  base62-1.0.0
  colored-1.2
  bson-1.9.2-java
  json-1.8.1-java
  facter-1.7.5
  require_all-1.3.2
  net-ssh-2.8.0
  bouncy-castle-java-1.5.0147
  jruby-openssl-0.9.3
  krypt-provider-jdk-0.0.1
  krypt-core-0.0.1-universal-java
  krypt-0.0.1
  net-scp-1.1.2
  mongo-1.9.2

--- Bundler
undefined method `bundle_path' for Bundler:Module

--- JRuby-Rack Config
compat_version = RUBY1_9
default_logger = org.jruby.rack.logging.StandardOutLogger@2da33
equals = <error: 0>
err = java.io.PrintStream@871041
filter_adds_html = true
filter_verifies_resource = false
ignore_environment = false
initial_memory_buffer_size = 
initial_runtimes = 1
jms_connection_factory = 
jms_jndi_properties = 
logger = org.jruby.rack.logging.JulLogger@c6ff31
logger_class_name = JUL
logger_name = org.apache.catalina.core.ContainerBase.[Tomcat].[192.168.109.5].[default]
maximum_memory_buffer_size = 
maximum_runtimes = 5
num_initializer_threads = 
out = java.io.PrintStream@373f63
rackup = 
rackup_path = config.ru
rewindable = true
runtime_arguments = 
runtime_environment = 
runtime_timeout_seconds = 
serial_initialization = false
servlet_context = org.apache.catalina.core.ApplicationContextFacade@16e455e
throw_init_exception = true
2014-05-11 13:50:26 -0400 SEVERE: unable to initialize application
org.jruby.exceptions.RaiseException: (SyntaxError) /home/user/Hanlon/Hanlon/web/app.rb:64: atch
unknown regexp options - atch
	at org.jruby.RubyKernel.require(org/jruby/RubyKernel.java:1085)
	at Kernel.require(/home/user/.rvm/rubies/jruby-1.7.11/lib/ruby/shared/rubygems/core_ext/kernel_require.rb:126)
	at Kernel.require(/home/user/.rvm/rubies/jruby-1.7.11/lib/ruby/shared/rubygems/core_ext/kernel_require.rb:124)
	at RUBY.(root)(/home/user/Hanlon/Hanlon/web/application.rb:1)
	at org.jruby.RubyKernel.require(org/jruby/RubyKernel.java:1085)
	at RUBY.(root)(/home/user/Hanlon/Hanlon/web/application.rb:61)
	at RUBY.(root)(/home/user/.rvm/rubies/jruby-1.7.11/lib/ruby/shared/rubygems/core_ext/kernel_require.rb:1)
	at org.jruby.RubyBasicObject.instance_eval(org/jruby/RubyBasicObject.java:1536)
	at RUBY.require(/home/user/.rvm/rubies/jruby-1.7.11/lib/ruby/shared/rubygems/core_ext/kernel_require.rb:55)
	at RUBY.(root)(/home/user/Hanlon/Hanlon/web/config.ru:1)

2014-05-11 13:50:26 -0400 INFO: added application to pool, size now = 1
2014-05-11 13:50:26 -0400 SEVERE: Exception sending context initialized event to listener instance of class org.jruby.rack.RackServletContextListener
org.jruby.rack.RackInitializationException: /home/user/Hanlon/Hanlon/web/app.rb:64: atch
unknown regexp options - atch
	from org/jruby/RubyKernel.java:1085:in `require'
	from /home/user/.rvm/rubies/jruby-1.7.11/lib/ruby/shared/rubygems/core_ext/kernel_require.rb:126:in `require'
	from /home/user/.rvm/rubies/jruby-1.7.11/lib/ruby/shared/rubygems/core_ext/kernel_require.rb:124:in `require'
	from /home/user/Hanlon/Hanlon/web/application.rb:1:in `(root)'
	from org/jruby/RubyKernel.java:1085:in `require'
	from /home/user/Hanlon/Hanlon/web/application.rb:61:in `(root)'
	from /home/user/.rvm/rubies/jruby-1.7.11/lib/ruby/shared/rubygems/core_ext/kernel_require.rb:1:in `(root)'
	from org/jruby/RubyBasicObject.java:1536:in `instance_eval'
	from /home/user/.rvm/rubies/jruby-1.7.11/lib/ruby/shared/rubygems/core_ext/kernel_require.rb:55:in `require'
	from /home/user/Hanlon/Hanlon/web/config.ru:1:in `(root)'

	at org.jruby.rack.RackInitializationException.wrap(RackInitializationException.java:29)
	at org.jruby.rack.RackApplicationFactoryDecorator.init(RackApplicationFactoryDecorator.java:104)
	at org.jruby.rack.RackServletContextListener.contextInitialized(RackServletContextListener.java:50)
	at org.apache.catalina.core.StandardContext.listenerStart(StandardContext.java:4939)
	at org.apache.catalina.core.StandardContext.startInternal(StandardContext.java:5434)
	at org.apache.catalina.util.LifecycleBase.start(LifecycleBase.java:150)
	at org.apache.catalina.core.ContainerBase$StartChild.call(ContainerBase.java:1559)
	at org.apache.catalina.core.ContainerBase$StartChild.call(ContainerBase.java:1549)
	at java.util.concurrent.FutureTask.run(FutureTask.java:262)
	at java.util.concurrent.ThreadPoolExecutor.runWorker(ThreadPoolExecutor.java:1145)
	at java.util.concurrent.ThreadPoolExecutor$Worker.run(ThreadPoolExecutor.java:615)
	at java.lang.Thread.run(Thread.java:744)
Caused by: org.jruby.exceptions.RaiseException: (SyntaxError) /home/user/Hanlon/Hanlon/web/app.rb:64: atch
unknown regexp options - atch
	at org.jruby.RubyKernel.require(org/jruby/RubyKernel.java:1085)
	at Kernel.require(/home/user/.rvm/rubies/jruby-1.7.11/lib/ruby/shared/rubygems/core_ext/kernel_require.rb:126)
	at Kernel.require(/home/user/.rvm/rubies/jruby-1.7.11/lib/ruby/shared/rubygems/core_ext/kernel_require.rb:124)
	at RUBY.(root)(/home/user/Hanlon/Hanlon/web/application.rb:1)
	at org.jruby.RubyKernel.require(org/jruby/RubyKernel.java:1085)
	at RUBY.(root)(/home/user/Hanlon/Hanlon/web/application.rb:61)
	at RUBY.(root)(/home/user/.rvm/rubies/jruby-1.7.11/lib/ruby/shared/rubygems/core_ext/kernel_require.rb:1)
	at org.jruby.RubyBasicObject.instance_eval(org/jruby/RubyBasicObject.java:1536)
	at RUBY.require(/home/user/.rvm/rubies/jruby-1.7.11/lib/ruby/shared/rubygems/core_ext/kernel_require.rb:55)
	at RUBY.(root)(/home/user/Hanlon/Hanlon/web/config.ru:1)

